Determining if the pthread_create exist failed with the following output:
Change Dir: /home/parallels/catkin_ws/build/CMakeFiles/CMakeTmp

Run Build Command:/usr/bin/make "cmTryCompileExec319080078/fast"
/usr/bin/make -f CMakeFiles/cmTryCompileExec319080078.dir/build.make CMakeFiles/cmTryCompileExec319080078.dir/build
make[1]: Entering directory `/home/parallels/catkin_ws/build/CMakeFiles/CMakeTmp'
/usr/bin/cmake -E cmake_progress_report /home/parallels/catkin_ws/build/CMakeFiles/CMakeTmp/CMakeFiles 1
Building C object CMakeFiles/cmTryCompileExec319080078.dir/CheckSymbolExists.c.o
/usr/bin/cc    -o CMakeFiles/cmTryCompileExec319080078.dir/CheckSymbolExists.c.o   -c /home/parallels/catkin_ws/build/CMakeFiles/CMakeTmp/CheckSymbolExists.c
Linking C executable cmTryCompileExec319080078
/usr/bin/cmake -E cmake_link_script CMakeFiles/cmTryCompileExec319080078.dir/link.txt --verbose=1
/usr/bin/cc       CMakeFiles/cmTryCompileExec319080078.dir/CheckSymbolExists.c.o  -o cmTryCompileExec319080078 -rdynamic 
CMakeFiles/cmTryCompileExec319080078.dir/CheckSymbolExists.c.o: In function `main':
CheckSymbolExists.c:(.text+0x16): undefined reference to `pthread_create'
collect2: error: ld returned 1 exit status
make[1]: Leaving directory `/home/parallels/catkin_ws/build/CMakeFiles/CMakeTmp'
make[1]: *** [cmTryCompileExec319080078] Error 1
make: *** [cmTryCompileExec319080078/fast] Error 2

File /home/parallels/catkin_ws/build/CMakeFiles/CMakeTmp/CheckSymbolExists.c:
/* */
#include <pthread.h>

int main(int argc, char** argv)
{
  (void)argv;
#ifndef pthread_create
  return ((int*)(&pthread_create))[argc];
#else
  (void)argc;
  return 0;
#endif
}

Determining if the function pthread_create exists in the pthreads failed with the following output:
Change Dir: /home/parallels/catkin_ws/build/CMakeFiles/CMakeTmp

Run Build Command:/usr/bin/make "cmTryCompileExec415651781/fast"
/usr/bin/make -f CMakeFiles/cmTryCompileExec415651781.dir/build.make CMakeFiles/cmTryCompileExec415651781.dir/build
make[1]: Entering directory `/home/parallels/catkin_ws/build/CMakeFiles/CMakeTmp'
/usr/bin/cmake -E cmake_progress_report /home/parallels/catkin_ws/build/CMakeFiles/CMakeTmp/CMakeFiles 1
Building C object CMakeFiles/cmTryCompileExec415651781.dir/CheckFunctionExists.c.o
/usr/bin/cc   -DCHECK_FUNCTION_EXISTS=pthread_create   -o CMakeFiles/cmTryCompileExec415651781.dir/CheckFunctionExists.c.o   -c /usr/share/cmake-2.8/Modules/CheckFunctionExists.c
Linking C executable cmTryCompileExec415651781
/usr/bin/cmake -E cmake_link_script CMakeFiles/cmTryCompileExec415651781.dir/link.txt --verbose=1
/usr/bin/cc   -DCHECK_FUNCTION_EXISTS=pthread_create    CMakeFiles/cmTryCompileExec415651781.dir/CheckFunctionExists.c.o  -o cmTryCompileExec415651781 -rdynamic -lpthreads 
/usr/bin/ld: cannot find -lpthreads
collect2: error: ld returned 1 exit status
make[1]: Leaving directory `/home/parallels/catkin_ws/build/CMakeFiles/CMakeTmp'
make[1]: *** [cmTryCompileExec415651781] Error 1
make: *** [cmTryCompileExec415651781/fast] Error 2


