Determining if the pthread_create exist failed with the following output:
Change Dir: /home/parallels/catkin_prove/build/CMakeFiles/CMakeTmp

Run Build Command:/usr/bin/make "cmTryCompileExec1162838782/fast"
/usr/bin/make -f CMakeFiles/cmTryCompileExec1162838782.dir/build.make CMakeFiles/cmTryCompileExec1162838782.dir/build
make[1]: Entering directory `/home/parallels/catkin_prove/build/CMakeFiles/CMakeTmp'
/usr/bin/cmake -E cmake_progress_report /home/parallels/catkin_prove/build/CMakeFiles/CMakeTmp/CMakeFiles 1
Building C object CMakeFiles/cmTryCompileExec1162838782.dir/CheckSymbolExists.c.o
/usr/bin/cc    -o CMakeFiles/cmTryCompileExec1162838782.dir/CheckSymbolExists.c.o   -c /home/parallels/catkin_prove/build/CMakeFiles/CMakeTmp/CheckSymbolExists.c
Linking C executable cmTryCompileExec1162838782
/usr/bin/cmake -E cmake_link_script CMakeFiles/cmTryCompileExec1162838782.dir/link.txt --verbose=1
/usr/bin/cc       CMakeFiles/cmTryCompileExec1162838782.dir/CheckSymbolExists.c.o  -o cmTryCompileExec1162838782 -rdynamic 
CMakeFiles/cmTryCompileExec1162838782.dir/CheckSymbolExists.c.o: In function `main':
CheckSymbolExists.c:(.text+0x16): undefined reference to `pthread_create'
collect2: error: ld returned 1 exit status
make[1]: *** [cmTryCompileExec1162838782] Error 1
make[1]: Leaving directory `/home/parallels/catkin_prove/build/CMakeFiles/CMakeTmp'
make: *** [cmTryCompileExec1162838782/fast] Error 2

File /home/parallels/catkin_prove/build/CMakeFiles/CMakeTmp/CheckSymbolExists.c:
/* */
#include <pthread.h>

int main(int argc, char** argv)
{
  (void)argv;
#ifndef pthread_create
  return ((int*)(&pthread_create))[argc];
#else
  (void)argc;
  return 0;
#endif
}

Determining if the function pthread_create exists in the pthreads failed with the following output:
Change Dir: /home/parallels/catkin_prove/build/CMakeFiles/CMakeTmp

Run Build Command:/usr/bin/make "cmTryCompileExec1625798797/fast"
/usr/bin/make -f CMakeFiles/cmTryCompileExec1625798797.dir/build.make CMakeFiles/cmTryCompileExec1625798797.dir/build
make[1]: Entering directory `/home/parallels/catkin_prove/build/CMakeFiles/CMakeTmp'
/usr/bin/cmake -E cmake_progress_report /home/parallels/catkin_prove/build/CMakeFiles/CMakeTmp/CMakeFiles 1
Building C object CMakeFiles/cmTryCompileExec1625798797.dir/CheckFunctionExists.c.o
/usr/bin/cc   -DCHECK_FUNCTION_EXISTS=pthread_create   -o CMakeFiles/cmTryCompileExec1625798797.dir/CheckFunctionExists.c.o   -c /usr/share/cmake-2.8/Modules/CheckFunctionExists.c
Linking C executable cmTryCompileExec1625798797
/usr/bin/cmake -E cmake_link_script CMakeFiles/cmTryCompileExec1625798797.dir/link.txt --verbose=1
/usr/bin/cc   -DCHECK_FUNCTION_EXISTS=pthread_create    CMakeFiles/cmTryCompileExec1625798797.dir/CheckFunctionExists.c.o  -o cmTryCompileExec1625798797 -rdynamic -lpthreads 
/usr/bin/ld: cannot find -lpthreads
collect2: error: ld returned 1 exit status
make[1]: *** [cmTryCompileExec1625798797] Error 1
make[1]: Leaving directory `/home/parallels/catkin_prove/build/CMakeFiles/CMakeTmp'
make: *** [cmTryCompileExec1625798797/fast] Error 2


